<?xml version="1.0" encoding="UTF-8"?>
<testng-results ignored="0" total="2" passed="2" failed="0" skipped="0">
  <reporter-output>
  </reporter-output>
  <suite started-at="2024-05-22T11:14:50 IST" name="Surefire suite" finished-at="2024-05-22T11:15:33 IST" duration-ms="43388">
    <groups>
    </groups>
    <test started-at="2024-05-22T11:14:50 IST" name="Surefire test" finished-at="2024-05-22T11:15:33 IST" duration-ms="43388">
      <class name="TestCases.Test_Login">
        <test-method is-config="true" signature="setUp()[pri:0, instance:TestCases.Test_Login@4470f8a6]" started-at="2024-05-22T11:14:50 IST" name="setUp" finished-at="2024-05-22T11:14:57 IST" duration-ms="7222" status="PASS">
          <reporter-output>
          </reporter-output>
        </test-method> <!-- setUp -->
        <test-method signature="Test4()[pri:0, instance:TestCases.Test_Login@4470f8a6]" started-at="2024-05-22T11:14:57 IST" name="Test4" finished-at="2024-05-22T11:15:09 IST" duration-ms="11911" status="PASS">
          <reporter-output>
          </reporter-output>
        </test-method> <!-- Test4 -->
        <test-method is-config="true" signature="Screenshot(org.testng.ITestResult)[pri:0, instance:TestCases.Test_Login@4470f8a6]" started-at="2024-05-22T11:15:09 IST" name="Screenshot" finished-at="2024-05-22T11:15:09 IST" duration-ms="218" status="PASS">
          <params>
            <param index="0">
              <value>
                <![CDATA[[TestResult name=Test4 status=SUCCESS method=Test_Login.Test4()[pri:0, instance:TestCases.Test_Login@4470f8a6] output={null}]]]>
              </value>
            </param>
          </params>
          <reporter-output>
          </reporter-output>
        </test-method> <!-- Screenshot -->
        <test-method is-config="true" signature="setUp()[pri:0, instance:TestCases.Test_Login@4470f8a6]" started-at="2024-05-22T11:15:09 IST" name="setUp" finished-at="2024-05-22T11:15:15 IST" duration-ms="5567" status="PASS">
          <reporter-output>
          </reporter-output>
        </test-method> <!-- setUp -->
        <test-method signature="Test5()[pri:0, instance:TestCases.Test_Login@4470f8a6]" started-at="2024-05-22T11:15:15 IST" name="Test5" finished-at="2024-05-22T11:15:33 IST" duration-ms="18380" status="PASS">
          <reporter-output>
          </reporter-output>
        </test-method> <!-- Test5 -->
        <test-method is-config="true" signature="Screenshot(org.testng.ITestResult)[pri:0, instance:TestCases.Test_Login@4470f8a6]" started-at="2024-05-22T11:15:33 IST" name="Screenshot" finished-at="2024-05-22T11:15:33 IST" duration-ms="64" status="PASS">
          <params>
            <param index="0">
              <value>
                <![CDATA[[TestResult name=Test5 status=SUCCESS method=Test_Login.Test5()[pri:0, instance:TestCases.Test_Login@4470f8a6] output={null}]]]>
              </value>
            </param>
          </params>
          <reporter-output>
          </reporter-output>
        </test-method> <!-- Screenshot -->
      </class> <!-- TestCases.Test_Login -->
    </test> <!-- Surefire test -->
  </suite> <!-- Surefire suite -->
</testng-results>
