<?xml version="1.0" encoding="UTF-8"?>
<testng-results ignored="1" total="2" passed="1" failed="0" skipped="0">
  <reporter-output>
  </reporter-output>
  <suite started-at="2024-05-22T10:53:24 IST" name="Default suite" finished-at="2024-05-22T10:53:39 IST" duration-ms="15673">
    <groups>
    </groups>
    <test started-at="2024-05-22T10:53:24 IST" name="Default test" finished-at="2024-05-22T10:53:39 IST" duration-ms="15673">
      <class name="TestCases.Test_Login">
        <test-method is-config="true" signature="setUp()[pri:0, instance:TestCases.Test_Login@73e9cf30]" started-at="2024-05-22T10:53:24 IST" name="setUp" finished-at="2024-05-22T10:53:30 IST" duration-ms="6635" status="PASS">
          <reporter-output>
          </reporter-output>
        </test-method> <!-- setUp -->
        <test-method signature="Test4()[pri:0, instance:TestCases.Test_Login@73e9cf30]" started-at="2024-05-22T10:53:30 IST" name="Test4" finished-at="2024-05-22T10:53:39 IST" duration-ms="8775" status="PASS">
          <reporter-output>
          </reporter-output>
        </test-method> <!-- Test4 -->
        <test-method is-config="true" signature="Screenshot(org.testng.ITestResult)[pri:0, instance:TestCases.Test_Login@73e9cf30]" started-at="2024-05-22T10:53:39 IST" name="Screenshot" finished-at="2024-05-22T10:53:39 IST" duration-ms="230" status="PASS">
          <params>
            <param index="0">
              <value>
                <![CDATA[[TestResult name=Test4 status=SUCCESS method=Test_Login.Test4()[pri:0, instance:TestCases.Test_Login@73e9cf30] output={null}]]]>
              </value>
            </param>
          </params>
          <reporter-output>
          </reporter-output>
        </test-method> <!-- Screenshot -->
      </class> <!-- TestCases.Test_Login -->
    </test> <!-- Default test -->
  </suite> <!-- Default suite -->
</testng-results>
